Arguments: 
  /usr/local/Cellar/node/10.7.0/bin/node /usr/local/Cellar/yarn/1.7.0/libexec/bin/yarn.js add jquery-truncate

PATH: 
  /usr/local/bin:/opt/webwork/webwork2/bin:/Users/peter/perl5/perlbrew/bin:/usr/local/bin:/Library/WebServer/Documents/webwork/webwork2/bin:/usr/local/share/npm/bin:/usr/local/bin:/usr/bin:/bin:/usr/sbin:/sbin:/Library/TeX/texbin

Yarn version: 
  1.7.0

Node version: 
  10.7.0

Platform: 
  darwin x64

Trace: 
  Error: https://registry.yarnpkg.com/jquery-truncate: Not found
      at Request.params.callback [as _callback] (/usr/local/Cellar/yarn/1.7.0/libexec/lib/cli.js:65656:18)
      at Request.self.callback (/usr/local/Cellar/yarn/1.7.0/libexec/lib/cli.js:134675:22)
      at Request.emit (events.js:182:13)
      at Request.<anonymous> (/usr/local/Cellar/yarn/1.7.0/libexec/lib/cli.js:135658:10)
      at Request.emit (events.js:182:13)
      at IncomingMessage.<anonymous> (/usr/local/Cellar/yarn/1.7.0/libexec/lib/cli.js:135578:12)
      at Object.onceWrapper (events.js:273:13)
      at IncomingMessage.emit (events.js:187:15)
      at endReadableNT (_stream_readable.js:1081:12)
      at process._tickCallback (internal/process/next_tick.js:63:19)

npm manifest: 
  {
    "name": "WeBWorK",
    "version": "2.99",
    "description": "Open-source Online Homework System",
    "main": "index.js",
    "repository": "webwork.maa.org",
    "author": "Peter Staab",
    "license": "MIT",
    "private": false,
    "dependencies": {
      "backbone": "^1.3.3",
      "backbone-validation": "^0.11.5",
      "backbone.stickit": "^0.9.2",
      "bootstrap": "^4.1.3",
      "font-awesome": "^4.7.0",
      "imagesloaded": "^4.1.4",
      "jquery": "^3.3.1",
      "jquery-csv": "^0.8.9"
    }
  }

yarn manifest: 
  No manifest

Lockfile: 
  # THIS IS AN AUTOGENERATED FILE. DO NOT EDIT THIS FILE DIRECTLY.
  # yarn lockfile v1
  
  
  backbone-validation@^0.11.5:
    version "0.11.5"
    resolved "https://registry.yarnpkg.com/backbone-validation/-/backbone-validation-0.11.5.tgz#504bfb0079e5673e6a4c4beafbbea1d2f3987244"
    dependencies:
      backbone ">=1.0.0"
      underscore ">=1.4.3"
  
  backbone.stickit@^0.9.2:
    version "0.9.2"
    resolved "https://registry.yarnpkg.com/backbone.stickit/-/backbone.stickit-0.9.2.tgz#d78fc407c8cdd1e01c1ebba9262d4206db6f034f"
    dependencies:
      backbone ">=1.0.0"
      underscore ">=1.4.2"
  
  backbone@>=1.0.0, backbone@^1.3.3:
    version "1.3.3"
    resolved "https://registry.yarnpkg.com/backbone/-/backbone-1.3.3.tgz#4cc80ea7cb1631ac474889ce40f2f8bc683b2999"
    dependencies:
      underscore ">=1.8.3"
  
  bootstrap@^4.1.3:
    version "4.1.3"
    resolved "https://registry.yarnpkg.com/bootstrap/-/bootstrap-4.1.3.tgz#0eb371af2c8448e8c210411d0cb824a6409a12be"
  
  ev-emitter@^1.0.0:
    version "1.1.1"
    resolved "https://registry.yarnpkg.com/ev-emitter/-/ev-emitter-1.1.1.tgz#8f18b0ce5c76a5d18017f71c0a795c65b9138f2a"
  
  font-awesome@^4.7.0:
    version "4.7.0"
    resolved "https://registry.yarnpkg.com/font-awesome/-/font-awesome-4.7.0.tgz#8fa8cf0411a1a31afd07b06d2902bb9fc815a133"
  
  imagesloaded@^4.1.4:
    version "4.1.4"
    resolved "https://registry.yarnpkg.com/imagesloaded/-/imagesloaded-4.1.4.tgz#1376efcd162bb768c34c3727ac89cc04051f3cc7"
    dependencies:
      ev-emitter "^1.0.0"
  
  jquery-csv@^0.8.9:
    version "0.8.9"
    resolved "https://registry.yarnpkg.com/jquery-csv/-/jquery-csv-0.8.9.tgz#73ee322c7bc1b11177273e7d3a6ace6ea35c7834"
  
  jquery@^3.3.1:
    version "3.3.1"
    resolved "https://registry.yarnpkg.com/jquery/-/jquery-3.3.1.tgz#958ce29e81c9790f31be7792df5d4d95fc57fbca"
  
  underscore@>=1.4.2, underscore@>=1.4.3, underscore@>=1.8.3:
    version "1.9.1"
    resolved "https://registry.yarnpkg.com/underscore/-/underscore-1.9.1.tgz#06dce34a0e68a7babc29b365b8e74b8925203961"
